srmart-shop/android/app/build/intermediates/manifest_merge_blame_file/debug/processDebugMainManifest/manifest-merger-blame-debug-report.txt
1<?xml version="1.0" encoding="utf-8"?>
2<manifest xmlns:android="http://schemas.android.com/apk/res/android"
3    package="com.dongshin.srmart"
4    android:versionCode="1"
5    android:versionName="1.0" >
6
7    <uses-sdk
7-->INJECTED
8        android:minSdkVersion="24"
8-->INJECTED
9        android:targetSdkVersion="36" />
9-->INJECTED
10
11    <!-- Permissions -->
12    <uses-permission android:name="android.permission.INTERNET" />
12-->src\main\AndroidManifest.xml:33:5-67
12-->src\main\AndroidManifest.xml:33:22-64
13
14    <!-- ✅ 카메라 권한 -->
15    <uses-permission android:name="android.permission.CAMERA" />
15-->src\main\AndroidManifest.xml:36:5-65
15-->src\main\AndroidManifest.xml:36:22-62
16
17    <uses-feature
17-->src\main\AndroidManifest.xml:37:5-85
18        android:name="android.hardware.camera"
18-->src\main\AndroidManifest.xml:37:19-57
19        android:required="false" />
19-->src\main\AndroidManifest.xml:37:58-82
20    <uses-feature
20-->src\main\AndroidManifest.xml:38:5-95
21        android:name="android.hardware.camera.autofocus"
21-->src\main\AndroidManifest.xml:38:19-67
22        android:required="false" />
22-->src\main\AndroidManifest.xml:38:68-92
23    <uses-feature
23-->src\main\AndroidManifest.xml:39:5-91
24        android:name="android.hardware.camera.front"
24-->src\main\AndroidManifest.xml:39:19-63
25        android:required="false" />
25-->src\main\AndroidManifest.xml:39:64-88
26
27    <!-- ✅ 저장소 권한 (이미지 업로드용) -->
28    <uses-permission
28-->src\main\AndroidManifest.xml:42:5-107
29        android:name="android.permission.READ_EXTERNAL_STORAGE"
29-->src\main\AndroidManifest.xml:42:22-77
30        android:maxSdkVersion="32" />
30-->src\main\AndroidManifest.xml:42:78-104
31    <uses-permission android:name="android.permission.READ_MEDIA_IMAGES" />
31-->src\main\AndroidManifest.xml:43:5-76
31-->src\main\AndroidManifest.xml:43:22-73
32
33    <!-- ✅ 진동 권한 (바코드 스캔 피드백용) -->
34    <uses-permission android:name="android.permission.VIBRATE" />
34-->src\main\AndroidManifest.xml:46:5-66
34-->src\main\AndroidManifest.xml:46:22-63
35
36    <permission
36-->[androidx.core:core:1.17.0] AndroidManifest.xml:22:5-24:47
37        android:name="com.dongshin.srmart.DYNAMIC_RECEIVER_NOT_EXPORTED_PERMISSION"
37-->[androidx.core:core:1.17.0] AndroidManifest.xml:23:9-81
38        android:protectionLevel="signature" />
38-->[androidx.core:core:1.17.0] AndroidManifest.xml:24:9-44
39
40    <uses-permission android:name="com.dongshin.srmart.DYNAMIC_RECEIVER_NOT_EXPORTED_PERMISSION" /> <!-- Although the *SdkVersion is captured in gradle build files, this is required for non gradle builds -->
40-->[androidx.core:core:1.17.0] AndroidManifest.xml:26:5-97
40-->[androidx.core:core:1.17.0] AndroidManifest.xml:26:22-94
41    <!-- <uses-sdk android:minSdkVersion="14"/> -->
42    <uses-permission android:name="android.permission.ACCESS_NETWORK_STATE" />
42-->[com.google.android.datatransport:transport-backend-cct:2.3.3] AndroidManifest.xml:25:5-79
42-->[com.google.android.datatransport:transport-backend-cct:2.3.3] AndroidManifest.xml:25:22-76
43
44    <application
44-->src\main\AndroidManifest.xml:3:5-30:19
45        android:allowBackup="true"
45-->src\main\AndroidManifest.xml:4:9-35
46        android:appComponentFactory="androidx.core.app.CoreComponentFactory"
46-->[androidx.core:core:1.17.0] AndroidManifest.xml:28:18-86
47        android:debuggable="true"
48        android:extractNativeLibs="false"
48-->INJECTED
49        android:icon="@mipmap/ic_launcher"
49-->src\main\AndroidManifest.xml:5:9-43
50        android:label="@string/app_name"
50-->src\main\AndroidManifest.xml:6:9-41
51        android:roundIcon="@mipmap/ic_launcher_round"
51-->src\main\AndroidManifest.xml:7:9-54
52        android:supportsRtl="true"
52-->src\main\AndroidManifest.xml:8:9-35
53        android:theme="@style/AppTheme" >
53-->src\main\AndroidManifest.xml:9:9-40
54        <activity
54-->src\main\AndroidManifest.xml:10:9-21:20
55            android:name="com.dongshin.srmart.MainActivity"
55-->src\main\AndroidManifest.xml:12:13-41
56            android:configChanges="orientation|keyboardHidden|keyboard|screenSize|locale|smallestScreenSize|screenLayout|uiMode|navigation|density"
56-->src\main\AndroidManifest.xml:11:13-148
57            android:exported="true"
57-->src\main\AndroidManifest.xml:16:13-36
58            android:label="@string/title_activity_main"
58-->src\main\AndroidManifest.xml:13:13-56
59            android:launchMode="singleTask"
59-->src\main\AndroidManifest.xml:15:13-44
60            android:theme="@style/AppTheme.NoActionBarLaunch" >
60-->src\main\AndroidManifest.xml:14:13-62
61            <intent-filter>
61-->src\main\AndroidManifest.xml:17:13-20:29
62                <action android:name="android.intent.action.MAIN" />
62-->src\main\AndroidManifest.xml:18:17-69
62-->src\main\AndroidManifest.xml:18:25-66
63
64                <category android:name="android.intent.category.LAUNCHER" />
64-->src\main\AndroidManifest.xml:19:17-77
64-->src\main\AndroidManifest.xml:19:27-74
65            </intent-filter>
66        </activity>
67
68        <provider
68-->INJECTED
69            android:name="androidx.core.content.FileProvider"
69-->src\main\AndroidManifest.xml:24:13-62
70            android:authorities="com.dongshin.srmart.fileprovider"
70-->INJECTED
71            android:exported="false"
71-->src\main\AndroidManifest.xml:26:13-37
72            android:grantUriPermissions="true" >
72-->src\main\AndroidManifest.xml:27:13-47
73            <meta-data
73-->src\main\AndroidManifest.xml:28:13-112
74                android:name="android.support.FILE_PROVIDER_PATHS"
74-->src\main\AndroidManifest.xml:28:24-74
75                android:resource="@xml/file_paths" />
75-->src\main\AndroidManifest.xml:28:75-109
76        </provider>
77        <!--
78        Service for holding metadata. Cannot be instantiated.
79        Metadata will be merged from other manifests.
80        -->
81        <service
81-->[androidx.camera:camera-core:1.5.2] AndroidManifest.xml:29:9-33:78
82            android:name="androidx.camera.core.impl.MetadataHolderService"
82-->[androidx.camera:camera-core:1.5.2] AndroidManifest.xml:30:13-75
83            android:enabled="false"
83-->[androidx.camera:camera-core:1.5.2] AndroidManifest.xml:31:13-36
84            android:exported="false" >
84-->[androidx.camera:camera-core:1.5.2] AndroidManifest.xml:32:13-37
85            <meta-data
85-->[androidx.camera:camera-camera2:1.5.2] AndroidManifest.xml:30:13-32:89
86                android:name="androidx.camera.core.impl.MetadataHolderService.DEFAULT_CONFIG_PROVIDER"
86-->[androidx.camera:camera-camera2:1.5.2] AndroidManifest.xml:31:17-103
87                android:value="androidx.camera.camera2.Camera2Config$DefaultProvider" />
87-->[androidx.camera:camera-camera2:1.5.2] AndroidManifest.xml:32:17-86
88        </service>
89        <!--
90        This activity is an invisible delegate activity to start scanner activity
91        and receive result, so it's unnecessary to support screen orientation and
92        we can avoid any side effect from activity recreation in any case.
93        -->
94        <activity
94-->[com.google.android.gms:play-services-code-scanner:16.1.0] AndroidManifest.xml:15:9-20:20
95            android:name="com.google.mlkit.vision.codescanner.internal.GmsBarcodeScanningDelegateActivity"
95-->[com.google.android.gms:play-services-code-scanner:16.1.0] AndroidManifest.xml:16:13-107
96            android:exported="false"
96-->[com.google.android.gms:play-services-code-scanner:16.1.0] AndroidManifest.xml:17:13-37
97            android:screenOrientation="portrait" >
97-->[com.google.android.gms:play-services-code-scanner:16.1.0] AndroidManifest.xml:18:13-49
98        </activity>
99
100        <service
100-->[com.google.android.gms:play-services-mlkit-barcode-scanning:18.3.1] AndroidManifest.xml:9:9-15:19
101            android:name="com.google.mlkit.common.internal.MlKitComponentDiscoveryService"
101-->[com.google.android.gms:play-services-mlkit-barcode-scanning:18.3.1] AndroidManifest.xml:10:13-91
102            android:directBootAware="true"
102-->[com.google.mlkit:common:18.11.0] AndroidManifest.xml:17:13-43
103            android:exported="false" >
103-->[com.google.android.gms:play-services-mlkit-barcode-scanning:18.3.1] AndroidManifest.xml:11:13-37
104            <meta-data
104-->[com.google.android.gms:play-services-mlkit-barcode-scanning:18.3.1] AndroidManifest.xml:12:13-14:85
105                android:name="com.google.firebase.components:com.google.mlkit.vision.barcode.internal.BarcodeRegistrar"
105-->[com.google.android.gms:play-services-mlkit-barcode-scanning:18.3.1] AndroidManifest.xml:13:17-120
106                android:value="com.google.firebase.components.ComponentRegistrar" />
106-->[com.google.android.gms:play-services-mlkit-barcode-scanning:18.3.1] AndroidManifest.xml:14:17-82
107            <meta-data
107-->[com.google.mlkit:vision-common:17.3.0] AndroidManifest.xml:12:13-14:85
108                android:name="com.google.firebase.components:com.google.mlkit.vision.common.internal.VisionCommonRegistrar"
108-->[com.google.mlkit:vision-common:17.3.0] AndroidManifest.xml:13:17-124
109                android:value="com.google.firebase.components.ComponentRegistrar" />
109-->[com.google.mlkit:vision-common:17.3.0] AndroidManifest.xml:14:17-82
110            <meta-data
110-->[com.google.mlkit:common:18.11.0] AndroidManifest.xml:20:13-22:85
111                android:name="com.google.firebase.components:com.google.mlkit.common.internal.CommonComponentRegistrar"
111-->[com.google.mlkit:common:18.11.0] AndroidManifest.xml:21:17-120
112                android:value="com.google.firebase.components.ComponentRegistrar" />
112-->[com.google.mlkit:common:18.11.0] AndroidManifest.xml:22:17-82
113        </service>
114
115        <provider
115-->[com.google.mlkit:common:18.11.0] AndroidManifest.xml:9:9-13:38
116            android:name="com.google.mlkit.common.internal.MlKitInitProvider"
116-->[com.google.mlkit:common:18.11.0] AndroidManifest.xml:10:13-78
117            android:authorities="com.dongshin.srmart.mlkitinitprovider"
117-->[com.google.mlkit:common:18.11.0] AndroidManifest.xml:11:13-69
118            android:exported="false"
118-->[com.google.mlkit:common:18.11.0] AndroidManifest.xml:12:13-37
119            android:initOrder="99" />
119-->[com.google.mlkit:common:18.11.0] AndroidManifest.xml:13:13-35
120
121        <activity
121-->[com.google.android.gms:play-services-base:18.5.0] AndroidManifest.xml:5:9-173
122            android:name="com.google.android.gms.common.api.GoogleApiActivity"
122-->[com.google.android.gms:play-services-base:18.5.0] AndroidManifest.xml:5:19-85
123            android:exported="false"
123-->[com.google.android.gms:play-services-base:18.5.0] AndroidManifest.xml:5:146-170
124            android:theme="@android:style/Theme.Translucent.NoTitleBar" />
124-->[com.google.android.gms:play-services-base:18.5.0] AndroidManifest.xml:5:86-145
125
126        <meta-data
126-->[com.google.android.gms:play-services-basement:18.4.0] AndroidManifest.xml:6:9-122
127            android:name="com.google.android.gms.version"
127-->[com.google.android.gms:play-services-basement:18.4.0] AndroidManifest.xml:6:20-65
128            android:value="@integer/google_play_services_version" />
128-->[com.google.android.gms:play-services-basement:18.4.0] AndroidManifest.xml:6:66-119
129
130        <provider
130-->[androidx.emoji2:emoji2:1.3.0] AndroidManifest.xml:24:9-32:20
131            android:name="androidx.startup.InitializationProvider"
131-->[androidx.emoji2:emoji2:1.3.0] AndroidManifest.xml:25:13-67
132            android:authorities="com.dongshin.srmart.androidx-startup"
132-->[androidx.emoji2:emoji2:1.3.0] AndroidManifest.xml:26:13-68
133            android:exported="false" >
133-->[androidx.emoji2:emoji2:1.3.0] AndroidManifest.xml:27:13-37
134            <meta-data
134-->[androidx.emoji2:emoji2:1.3.0] AndroidManifest.xml:29:13-31:52
135                android:name="androidx.emoji2.text.EmojiCompatInitializer"
135-->[androidx.emoji2:emoji2:1.3.0] AndroidManifest.xml:30:17-75
136                android:value="androidx.startup" />
136-->[androidx.emoji2:emoji2:1.3.0] AndroidManifest.xml:31:17-49
137            <meta-data
137-->[androidx.lifecycle:lifecycle-process:2.6.2] AndroidManifest.xml:29:13-31:52
138                android:name="androidx.lifecycle.ProcessLifecycleInitializer"
138-->[androidx.lifecycle:lifecycle-process:2.6.2] AndroidManifest.xml:30:17-78
139                android:value="androidx.startup" />
139-->[androidx.lifecycle:lifecycle-process:2.6.2] AndroidManifest.xml:31:17-49
140            <meta-data
140-->[androidx.profileinstaller:profileinstaller:1.4.0] AndroidManifest.xml:29:13-31:52
141                android:name="androidx.profileinstaller.ProfileInstallerInitializer"
141-->[androidx.profileinstaller:profileinstaller:1.4.0] AndroidManifest.xml:30:17-85
142                android:value="androidx.startup" />
142-->[androidx.profileinstaller:profileinstaller:1.4.0] AndroidManifest.xml:31:17-49
143        </provider>
144
145        <receiver
145-->[androidx.profileinstaller:profileinstaller:1.4.0] AndroidManifest.xml:34:9-52:20
146            android:name="androidx.profileinstaller.ProfileInstallReceiver"
146-->[androidx.profileinstaller:profileinstaller:1.4.0] AndroidManifest.xml:35:13-76
147            android:directBootAware="false"
147-->[androidx.profileinstaller:profileinstaller:1.4.0] AndroidManifest.xml:36:13-44
148            android:enabled="true"
148-->[androidx.profileinstaller:profileinstaller:1.4.0] AndroidManifest.xml:37:13-35
149            android:exported="true"
149-->[androidx.profileinstaller:profileinstaller:1.4.0] AndroidManifest.xml:38:13-36
150            android:permission="android.permission.DUMP" >
150-->[androidx.profileinstaller:profileinstaller:1.4.0] AndroidManifest.xml:39:13-57
151            <intent-filter>
151-->[androidx.profileinstaller:profileinstaller:1.4.0] AndroidManifest.xml:40:13-42:29
152                <action android:name="androidx.profileinstaller.action.INSTALL_PROFILE" />
152-->[androidx.profileinstaller:profileinstaller:1.4.0] AndroidManifest.xml:41:17-91
152-->[androidx.profileinstaller:profileinstaller:1.4.0] AndroidManifest.xml:41:25-88
153            </intent-filter>
154            <intent-filter>
154-->[androidx.profileinstaller:profileinstaller:1.4.0] AndroidManifest.xml:43:13-45:29
155                <action android:name="androidx.profileinstaller.action.SKIP_FILE" />
155-->[androidx.profileinstaller:profileinstaller:1.4.0] AndroidManifest.xml:44:17-85
155-->[androidx.profileinstaller:profileinstaller:1.4.0] AndroidManifest.xml:44:25-82
156            </intent-filter>
157            <intent-filter>
157-->[androidx.profileinstaller:profileinstaller:1.4.0] AndroidManifest.xml:46:13-48:29
158                <action android:name="androidx.profileinstaller.action.SAVE_PROFILE" />
158-->[androidx.profileinstaller:profileinstaller:1.4.0] AndroidManifest.xml:47:17-88
158-->[androidx.profileinstaller:profileinstaller:1.4.0] AndroidManifest.xml:47:25-85
159            </intent-filter>
160            <intent-filter>
160-->[androidx.profileinstaller:profileinstaller:1.4.0] AndroidManifest.xml:49:13-51:29
161                <action android:name="androidx.profileinstaller.action.BENCHMARK_OPERATION" />
161-->[androidx.profileinstaller:profileinstaller:1.4.0] AndroidManifest.xml:50:17-95
161-->[androidx.profileinstaller:profileinstaller:1.4.0] AndroidManifest.xml:50:25-92
162            </intent-filter>
163        </receiver>
164
165        <service
165-->[com.google.android.datatransport:transport-backend-cct:2.3.3] AndroidManifest.xml:29:9-35:19
166            android:name="com.google.android.datatransport.runtime.backends.TransportBackendDiscovery"
166-->[com.google.android.datatransport:transport-backend-cct:2.3.3] AndroidManifest.xml:30:13-103
167            android:exported="false" >
167-->[com.google.android.datatransport:transport-backend-cct:2.3.3] AndroidManifest.xml:31:13-37
168            <meta-data
168-->[com.google.android.datatransport:transport-backend-cct:2.3.3] AndroidManifest.xml:32:13-34:39
169                android:name="backend:com.google.android.datatransport.cct.CctBackendFactory"
169-->[com.google.android.datatransport:transport-backend-cct:2.3.3] AndroidManifest.xml:33:17-94
170                android:value="cct" />
170-->[com.google.android.datatransport:transport-backend-cct:2.3.3] AndroidManifest.xml:34:17-36
171        </service>
172        <service
172-->[com.google.android.datatransport:transport-runtime:2.2.6] AndroidManifest.xml:26:9-30:19
173            android:name="com.google.android.datatransport.runtime.scheduling.jobscheduling.JobInfoSchedulerService"
173-->[com.google.android.datatransport:transport-runtime:2.2.6] AndroidManifest.xml:27:13-117
174            android:exported="false"
174-->[com.google.android.datatransport:transport-runtime:2.2.6] AndroidManifest.xml:28:13-37
175            android:permission="android.permission.BIND_JOB_SERVICE" >
175-->[com.google.android.datatransport:transport-runtime:2.2.6] AndroidManifest.xml:29:13-69
176        </service>
177
178        <receiver
178-->[com.google.android.datatransport:transport-runtime:2.2.6] AndroidManifest.xml:32:9-34:40
179            android:name="com.google.android.datatransport.runtime.scheduling.jobscheduling.AlarmManagerSchedulerBroadcastReceiver"
179-->[com.google.android.datatransport:transport-runtime:2.2.6] AndroidManifest.xml:33:13-132
180            android:exported="false" />
180-->[com.google.android.datatransport:transport-runtime:2.2.6] AndroidManifest.xml:34:13-37
181    </application>
182
183</manifest>